[debug] [2021-05-09T20:28:59.323Z] ----------------------------------------------------------------------
[debug] [2021-05-09T20:28:59.326Z] Command:       C:\Program Files\nodejs\node.exe C:\Users\Lenovo\AppData\Roaming\npm\node_modules\firebase-tools\lib\bin\firebase.js emulators:start
[debug] [2021-05-09T20:28:59.326Z] CLI Version:   9.10.0
[debug] [2021-05-09T20:28:59.326Z] Platform:      win32
[debug] [2021-05-09T20:28:59.327Z] Node Version:  v14.16.0
[debug] [2021-05-09T20:28:59.331Z] Time:          Mon May 10 2021 01:58:59 GMT+0530 (India Standard Time)
[debug] [2021-05-09T20:28:59.331Z] ----------------------------------------------------------------------
[debug] 
[debug] [2021-05-09T20:28:59.354Z] > command requires scopes: ["email","openid","https://www.googleapis.com/auth/cloudplatformprojects.readonly","https://www.googleapis.com/auth/firebase","https://www.googleapis.com/auth/cloud-platform"]
[debug] [2021-05-09T20:28:59.355Z] > authorizing via signed-in user (dineshkushwah5252@gmail.com)
[info] i  emulators: Starting emulators: auth, functions, firestore, database, hosting, pubsub {"metadata":{"emulator":{"name":"hub"},"message":"Starting emulators: auth, functions, firestore, database, hosting, pubsub"}}
[warn] !  emulators: It seems that you are running multiple instances of the emulator suite for project the-local-store-e40b7. This may result in unexpected behavior. 
[debug] [2021-05-09T20:28:59.417Z] [hub] writing locator at C:\Users\Lenovo\AppData\Local\TEMP_~1\hub-the-local-store-e40b7.json
[warn] !  Your requested "node" version "12" doesn't match your global version "14" {"metadata":{"emulator":{"name":"functions"},"message":"Your requested \"node\" version \"12\" doesn't match your global version \"14\""}}
[debug] [2021-05-09T20:28:59.509Z] defaultcredentials: writing to file C:\Users\Lenovo\AppData\Roaming\firebase\dineshkushwah5252_gmail_com_application_default_credentials.json
[debug] [2021-05-09T20:28:59.511Z] Setting GAC to C:\Users\Lenovo\AppData\Roaming\firebase\dineshkushwah5252_gmail_com_application_default_credentials.json {"metadata":{"emulator":{"name":"functions"},"message":"Setting GAC to C:\\Users\\Lenovo\\AppData\\Roaming\\firebase\\dineshkushwah5252_gmail_com_application_default_credentials.json"}}
[debug] [2021-05-09T20:28:59.514Z] > refreshing access token with scopes: []
[debug] [2021-05-09T20:28:59.514Z] >>> HTTP REQUEST POST https://www.googleapis.com/oauth2/v3/token  
 <request body omitted>
[debug] [2021-05-09T20:29:01.179Z] <<< HTTP RESPONSE 200 {"date":"Sun, 09 May 2021 20:29:01 GMT","pragma":"no-cache","cache-control":"no-cache, no-store, max-age=0, must-revalidate","expires":"Mon, 01 Jan 1990 00:00:00 GMT","content-type":"application/json; charset=utf-8","vary":"X-Origin, Referer, Origin,Accept-Encoding","server":"scaffolding on HTTPServer2","x-xss-protection":"0","x-frame-options":"SAMEORIGIN","x-content-type-options":"nosniff","alt-svc":"h3-29=\":443\"; ma=2592000,h3-T051=\":443\"; ma=2592000,h3-Q050=\":443\"; ma=2592000,h3-Q046=\":443\"; ma=2592000,h3-Q043=\":443\"; ma=2592000,quic=\":443\"; ma=2592000; v=\"46,43\"","accept-ranges":"none","transfer-encoding":"chunked"}
[debug] [2021-05-09T20:29:01.197Z] >>> [apiv2][query] GET https://firebase.googleapis.com/v1beta1/projects/the-local-store-e40b7/adminSdkConfig [none]
[debug] [2021-05-09T20:29:02.706Z] <<< [apiv2][status] GET https://firebase.googleapis.com/v1beta1/projects/the-local-store-e40b7/adminSdkConfig 200
[debug] [2021-05-09T20:29:02.707Z] <<< [apiv2][body] GET https://firebase.googleapis.com/v1beta1/projects/the-local-store-e40b7/adminSdkConfig {"projectId":"the-local-store-e40b7","databaseURL":"https://the-local-store-e40b7-default-rtdb.firebaseio.com","storageBucket":"the-local-store-e40b7.appspot.com","locationId":"asia-south1"}
[debug] [2021-05-09T20:29:02.733Z] Ignoring unsupported arg: projectId {"metadata":{"emulator":{"name":"firestore"},"message":"Ignoring unsupported arg: projectId"}}
[debug] [2021-05-09T20:29:02.734Z] Ignoring unsupported arg: auto_download {"metadata":{"emulator":{"name":"firestore"},"message":"Ignoring unsupported arg: auto_download"}}
[debug] [2021-05-09T20:29:02.734Z] Starting Firestore Emulator with command {"binary":"java","args":["-Dgoogle.cloud_firestore.debug_log_level=FINE","-Duser.language=en","-jar","C:\\Users\\Lenovo\\.cache\\firebase\\emulators\\cloud-firestore-emulator-v1.11.14.jar","--host","localhost","--port",8080,"--rules","C:\\amazon-clone\\amazon-clone\\firestore.rules","--functions_emulator","localhost:5001"],"optionalArgs":["port","webchannel_port","host","rules","functions_emulator","seed_from_export"],"joinArgs":false} {"metadata":{"emulator":{"name":"firestore"},"message":"Starting Firestore Emulator with command {\"binary\":\"java\",\"args\":[\"-Dgoogle.cloud_firestore.debug_log_level=FINE\",\"-Duser.language=en\",\"-jar\",\"C:\\\\Users\\\\Lenovo\\\\.cache\\\\firebase\\\\emulators\\\\cloud-firestore-emulator-v1.11.14.jar\",\"--host\",\"localhost\",\"--port\",8080,\"--rules\",\"C:\\\\amazon-clone\\\\amazon-clone\\\\firestore.rules\",\"--functions_emulator\",\"localhost:5001\"],\"optionalArgs\":[\"port\",\"webchannel_port\",\"host\",\"rules\",\"functions_emulator\",\"seed_from_export\"],\"joinArgs\":false}"}}
[info] i  firestore: Firestore Emulator logging to firestore-debug.log {"metadata":{"emulator":{"name":"firestore"},"message":"Firestore Emulator logging to \u001b[1mfirestore-debug.log\u001b[22m"}}
[debug] [2021-05-09T20:29:06.264Z] May 10, 2021 1:59:06 AM com.google.cloud.datastore.emulator.firestore.websocket.WebSocketServer start
INFO: Started WebSocket server on ws://localhost:57395
 {"metadata":{"emulator":{"name":"firestore"},"message":"May 10, 2021 1:59:06 AM com.google.cloud.datastore.emulator.firestore.websocket.WebSocketServer start\r\nINFO: Started WebSocket server on ws://localhost:57395\r\n"}}
[debug] [2021-05-09T20:29:06.336Z] API endpoint: http://localhost:8080
 {"metadata":{"emulator":{"name":"firestore"},"message":"API endpoint: http://localhost:8080\n"}}
[debug] [2021-05-09T20:29:06.338Z] If you are using a library that supports the FIRESTORE_EMULATOR_HOST environment variable, run:

   export FIRESTORE_EMULATOR_HOST=localhost:8080

Dev App Server is now running.

 {"metadata":{"emulator":{"name":"firestore"},"message":"If you are using a library that supports the FIRESTORE_EMULATOR_HOST environment variable, run:\r\n\n   export FIRESTORE_EMULATOR_HOST=localhost:8080\n\nDev App Server is now running.\n\r\n"}}
[debug] [2021-05-09T20:29:06.447Z] >>> [apiv2][query] GET https://firebase.googleapis.com/v1beta1/projects/the-local-store-e40b7 [none]
[debug] [2021-05-09T20:29:07.439Z] <<< [apiv2][status] GET https://firebase.googleapis.com/v1beta1/projects/the-local-store-e40b7 200
[debug] [2021-05-09T20:29:07.439Z] <<< [apiv2][body] GET https://firebase.googleapis.com/v1beta1/projects/the-local-store-e40b7 {"projectId":"the-local-store-e40b7","projectNumber":"615045578084","displayName":"The local store","name":"projects/the-local-store-e40b7","resources":{"hostingSite":"the-local-store-e40b7","realtimeDatabaseInstance":"the-local-store-e40b7-default-rtdb","storageBucket":"the-local-store-e40b7.appspot.com","locationId":"asia-south1"},"state":"ACTIVE"}
[debug] [2021-05-09T20:29:07.440Z] database rules config:  [{"instance":"the-local-store-e40b7-default-rtdb","rules":"C:\\amazon-clone\\amazon-clone\\database.rules.json"}]
[debug] [2021-05-09T20:29:07.486Z] Ignoring unsupported arg: projectId {"metadata":{"emulator":{"name":"database"},"message":"Ignoring unsupported arg: projectId"}}
[debug] [2021-05-09T20:29:07.487Z] Ignoring unsupported arg: auto_download {"metadata":{"emulator":{"name":"database"},"message":"Ignoring unsupported arg: auto_download"}}
[debug] [2021-05-09T20:29:07.487Z] Ignoring unsupported arg: rules {"metadata":{"emulator":{"name":"database"},"message":"Ignoring unsupported arg: rules"}}
[debug] [2021-05-09T20:29:07.487Z] Starting Database Emulator with command {"binary":"java","args":["-Duser.language=en","-jar","C:\\Users\\Lenovo\\.cache\\firebase\\emulators\\firebase-database-emulator-v4.7.2.jar","--host","localhost","--port",9000,"--functions_emulator_host","localhost","--functions_emulator_port",5001],"optionalArgs":["port","host","functions_emulator_port","functions_emulator_host"],"joinArgs":false} {"metadata":{"emulator":{"name":"database"},"message":"Starting Database Emulator with command {\"binary\":\"java\",\"args\":[\"-Duser.language=en\",\"-jar\",\"C:\\\\Users\\\\Lenovo\\\\.cache\\\\firebase\\\\emulators\\\\firebase-database-emulator-v4.7.2.jar\",\"--host\",\"localhost\",\"--port\",9000,\"--functions_emulator_host\",\"localhost\",\"--functions_emulator_port\",5001],\"optionalArgs\":[\"port\",\"host\",\"functions_emulator_port\",\"functions_emulator_host\"],\"joinArgs\":false}"}}
[info] i  database: Database Emulator logging to database-debug.log {"metadata":{"emulator":{"name":"database"},"message":"Database Emulator logging to \u001b[1mdatabase-debug.log\u001b[22m"}}
[debug] [2021-05-09T20:29:10.942Z] 01:59:10.940 [NamespaceSystem-akka.actor.default-dispatcher-5] INFO akka.event.slf4j.Slf4jLogger - Slf4jLogger started
 {"metadata":{"emulator":{"name":"database"},"message":"01:59:10.940 [NamespaceSystem-akka.actor.default-dispatcher-5] INFO akka.event.slf4j.Slf4jLogger - Slf4jLogger started\r\n"}}
[debug] [2021-05-09T20:29:11.279Z] 01:59:11.278 [main] INFO com.firebase.server.forge.App$ - Listening at localhost:9000
 {"metadata":{"emulator":{"name":"database"},"message":"01:59:11.278 [main] INFO com.firebase.server.forge.App$ - Listening at localhost:9000\r\n"}}
[debug] [2021-05-09T20:29:16.064Z] Ignoring unsupported arg: projectId {"metadata":{"emulator":{"name":"pubsub"},"message":"Ignoring unsupported arg: projectId"}}
[debug] [2021-05-09T20:29:16.065Z] Ignoring unsupported arg: auto_download {"metadata":{"emulator":{"name":"pubsub"},"message":"Ignoring unsupported arg: auto_download"}}
[debug] [2021-05-09T20:29:16.065Z] Starting Pub/Sub Emulator with command {"binary":"C:\\Users\\Lenovo\\.cache\\firebase\\emulators\\pubsub-emulator-0.1.0\\pubsub-emulator\\bin\\cloud-pubsub-emulator.bat","args":["--host=localhost","--port=8055"],"optionalArgs":["port","host"],"joinArgs":true} {"metadata":{"emulator":{"name":"pubsub"},"message":"Starting Pub/Sub Emulator with command {\"binary\":\"C:\\\\Users\\\\Lenovo\\\\.cache\\\\firebase\\\\emulators\\\\pubsub-emulator-0.1.0\\\\pubsub-emulator\\\\bin\\\\cloud-pubsub-emulator.bat\",\"args\":[\"--host=localhost\",\"--port=8055\"],\"optionalArgs\":[\"port\",\"host\"],\"joinArgs\":true}"}}
[info] i  pubsub: Pub/Sub Emulator logging to pubsub-debug.log {"metadata":{"emulator":{"name":"pubsub"},"message":"Pub/Sub Emulator logging to \u001b[1mpubsub-debug.log\u001b[22m"}}
[debug] [2021-05-09T20:29:18.707Z] >>> [apiv2][query] GET https://firebase.googleapis.com/v1beta1/projects/the-local-store-e40b7/webApps/-/config [none]
[debug] [2021-05-09T20:29:22.388Z] <<< [apiv2][status] GET https://firebase.googleapis.com/v1beta1/projects/the-local-store-e40b7/webApps/-/config 200
[debug] [2021-05-09T20:29:22.389Z] <<< [apiv2][body] GET https://firebase.googleapis.com/v1beta1/projects/the-local-store-e40b7/webApps/-/config {"projectId":"the-local-store-e40b7","appId":"1:615045578084:web:a659a58aed31ce05198e71","databaseURL":"https://the-local-store-e40b7-default-rtdb.firebaseio.com","storageBucket":"the-local-store-e40b7.appspot.com","locationId":"asia-south1","apiKey":"AIzaSyCpSy0tYPGvgbxN2_pjDxcTpZWHQre0SpE","authDomain":"the-local-store-e40b7.firebaseapp.com","messagingSenderId":"615045578084","measurementId":"G-B6MT7JHQWV"}
[info] i  hosting: Serving hosting files from: build {"metadata":{"emulator":{"name":"hosting"},"message":"Serving hosting files from: \u001b[1mbuild\u001b[22m"}}
[info] +  hosting: Local server: http://localhost:5000 {"metadata":{"emulator":{"name":"hosting"},"message":"Local server: \u001b[4m\u001b[1mhttp://localhost:5000\u001b[22m\u001b[24m"}}
[debug] [2021-05-09T20:29:22.499Z] Ignoring unsupported arg: auto_download {"metadata":{"emulator":{"name":"ui"},"message":"Ignoring unsupported arg: auto_download"}}
[debug] [2021-05-09T20:29:22.500Z] Ignoring unsupported arg: port {"metadata":{"emulator":{"name":"ui"},"message":"Ignoring unsupported arg: port"}}
[debug] [2021-05-09T20:29:22.500Z] Starting Emulator UI with command {"binary":"node","args":["C:\\Users\\Lenovo\\.cache\\firebase\\emulators\\ui-v1.4.2\\server.bundle.js"],"optionalArgs":[],"joinArgs":false} {"metadata":{"emulator":{"name":"ui"},"message":"Starting Emulator UI with command {\"binary\":\"node\",\"args\":[\"C:\\\\Users\\\\Lenovo\\\\.cache\\\\firebase\\\\emulators\\\\ui-v1.4.2\\\\server.bundle.js\"],\"optionalArgs\":[],\"joinArgs\":false}"}}
[info] i  ui: Emulator UI logging to ui-debug.log {"metadata":{"emulator":{"name":"ui"},"message":"Emulator UI logging to \u001b[1mui-debug.log\u001b[22m"}}
[debug] [2021-05-09T20:29:22.705Z] Web / API server started at http://localhost:4000
 {"metadata":{"emulator":{"name":"ui"},"message":"Web / API server started at http://localhost:4000\n"}}
[info] i  functions: Watching "C:\amazon-clone\amazon-clone\functions" for Cloud Functions... {"metadata":{"emulator":{"name":"functions"},"message":"Watching \"C:\\amazon-clone\\amazon-clone\\functions\" for Cloud Functions..."}}
[debug] [2021-05-09T20:29:22.842Z] [worker-pool] addWorker(~diagnostic~) {"metadata":{"emulator":{"name":"functions"},"message":"[worker-pool] addWorker(~diagnostic~)"}}
[debug] [2021-05-09T20:29:22.843Z] [worker-pool] Adding worker with key ~diagnostic~, total=1 {"metadata":{"emulator":{"name":"functions"},"message":"[worker-pool] Adding worker with key ~diagnostic~, total=1"}}
[debug] [2021-05-09T20:29:22.843Z] [worker-pool] submitWork(triggerId=) {"metadata":{"emulator":{"name":"functions"},"message":"[worker-pool] submitWork(triggerId=)"}}
[debug] [2021-05-09T20:29:22.843Z] [worker-~diagnostic~-a3eeae33-f8b8-4a5c-bc0c-c6fd0afebbe0]: Assigning socketPath: \\?\pipe\C:\amazon-clone\amazon-clone\functions\12620 {"metadata":{"emulator":{"name":"functions"},"message":"[worker-~diagnostic~-a3eeae33-f8b8-4a5c-bc0c-c6fd0afebbe0]: Assigning socketPath: \\\\?\\pipe\\C:\\amazon-clone\\amazon-clone\\functions\\12620"}}
[debug] [2021-05-09T20:29:22.844Z] [worker-~diagnostic~-a3eeae33-f8b8-4a5c-bc0c-c6fd0afebbe0]: BUSY {"metadata":{"emulator":{"name":"functions"},"message":"[worker-~diagnostic~-a3eeae33-f8b8-4a5c-bc0c-c6fd0afebbe0]: BUSY"}}
[debug] [2021-05-09T20:29:23.418Z] [runtime-status] [12620] Functions runtime initialized. {"cwd":"C:\\amazon-clone\\amazon-clone\\functions","node_version":"14.16.0"} {"metadata":{"emulator":{"name":"functions"},"message":"[runtime-status] [12620] Functions runtime initialized. {\"cwd\":\"C:\\\\amazon-clone\\\\amazon-clone\\\\functions\",\"node_version\":\"14.16.0\"}"}}
[debug] [2021-05-09T20:29:23.419Z] [runtime-status] [12620] Disabled runtime features: undefined {"metadata":{"emulator":{"name":"functions"},"message":"[runtime-status] [12620] Disabled runtime features: undefined"}}
[debug] [2021-05-09T20:29:23.428Z] [runtime-status] [12620] Resolved module firebase-admin {"declared":true,"installed":true,"version":"9.7.0","resolution":"C:\\amazon-clone\\amazon-clone\\functions\\node_modules\\firebase-admin\\lib\\index.js"} {"metadata":{"emulator":{"name":"functions"},"message":"[runtime-status] [12620] Resolved module firebase-admin {\"declared\":true,\"installed\":true,\"version\":\"9.7.0\",\"resolution\":\"C:\\\\amazon-clone\\\\amazon-clone\\\\functions\\\\node_modules\\\\firebase-admin\\\\lib\\\\index.js\"}"}}
[debug] [2021-05-09T20:29:23.435Z] [runtime-status] [12620] Resolved module firebase-functions {"declared":true,"installed":true,"version":"3.13.2","resolution":"C:\\amazon-clone\\amazon-clone\\functions\\node_modules\\firebase-functions\\lib\\index.js"} {"metadata":{"emulator":{"name":"functions"},"message":"[runtime-status] [12620] Resolved module firebase-functions {\"declared\":true,\"installed\":true,\"version\":\"3.13.2\",\"resolution\":\"C:\\\\amazon-clone\\\\amazon-clone\\\\functions\\\\node_modules\\\\firebase-functions\\\\lib\\\\index.js\"}"}}
[debug] [2021-05-09T20:29:23.438Z] [runtime-status] [12620] Resolved module firebase-functions {"declared":true,"installed":true,"version":"3.13.2","resolution":"C:\\amazon-clone\\amazon-clone\\functions\\node_modules\\firebase-functions\\lib\\index.js"} {"metadata":{"emulator":{"name":"functions"},"message":"[runtime-status] [12620] Resolved module firebase-functions {\"declared\":true,\"installed\":true,\"version\":\"3.13.2\",\"resolution\":\"C:\\\\amazon-clone\\\\amazon-clone\\\\functions\\\\node_modules\\\\firebase-functions\\\\lib\\\\index.js\"}"}}
[debug] [2021-05-09T20:29:23.440Z] [runtime-status] [12620] Set PUBSUB_EMULATOR_HOST to localhost:8055 {"metadata":{"emulator":{"name":"functions"},"message":"[runtime-status] [12620] Set PUBSUB_EMULATOR_HOST to localhost:8055"}}
[debug] [2021-05-09T20:29:23.442Z] [runtime-status] [12620] Outgoing network have been stubbed. [{"name":"http","status":"mocked"},{"name":"http","status":"mocked"},{"name":"https","status":"mocked"},{"name":"https","status":"mocked"},{"name":"net","status":"mocked"}] {"metadata":{"emulator":{"name":"functions"},"message":"[runtime-status] [12620] Outgoing network have been stubbed. [{\"name\":\"http\",\"status\":\"mocked\"},{\"name\":\"http\",\"status\":\"mocked\"},{\"name\":\"https\",\"status\":\"mocked\"},{\"name\":\"https\",\"status\":\"mocked\"},{\"name\":\"net\",\"status\":\"mocked\"}]"}}
[debug] [2021-05-09T20:29:23.443Z] [runtime-status] [12620] Resolved module firebase-functions {"declared":true,"installed":true,"version":"3.13.2","resolution":"C:\\amazon-clone\\amazon-clone\\functions\\node_modules\\firebase-functions\\lib\\index.js"} {"metadata":{"emulator":{"name":"functions"},"message":"[runtime-status] [12620] Resolved module firebase-functions {\"declared\":true,\"installed\":true,\"version\":\"3.13.2\",\"resolution\":\"C:\\\\amazon-clone\\\\amazon-clone\\\\functions\\\\node_modules\\\\firebase-functions\\\\lib\\\\index.js\"}"}}
[debug] [2021-05-09T20:29:23.706Z] [runtime-status] [12620] Checked functions.config() {"config":{}} {"metadata":{"emulator":{"name":"functions"},"message":"[runtime-status] [12620] Checked functions.config() {\"config\":{}}"}}
[debug] [2021-05-09T20:29:23.709Z] [runtime-status] [12620] firebase-functions has been stubbed. {"functionsResolution":{"declared":true,"installed":true,"version":"3.13.2","resolution":"C:\\amazon-clone\\amazon-clone\\functions\\node_modules\\firebase-functions\\lib\\index.js"}} {"metadata":{"emulator":{"name":"functions"},"message":"[runtime-status] [12620] firebase-functions has been stubbed. {\"functionsResolution\":{\"declared\":true,\"installed\":true,\"version\":\"3.13.2\",\"resolution\":\"C:\\\\amazon-clone\\\\amazon-clone\\\\functions\\\\node_modules\\\\firebase-functions\\\\lib\\\\index.js\"}}"}}
[debug] [2021-05-09T20:29:23.711Z] [runtime-status] [12620] Resolved module firebase-functions {"declared":true,"installed":true,"version":"3.13.2","resolution":"C:\\amazon-clone\\amazon-clone\\functions\\node_modules\\firebase-functions\\lib\\index.js"} {"metadata":{"emulator":{"name":"functions"},"message":"[runtime-status] [12620] Resolved module firebase-functions {\"declared\":true,\"installed\":true,\"version\":\"3.13.2\",\"resolution\":\"C:\\\\amazon-clone\\\\amazon-clone\\\\functions\\\\node_modules\\\\firebase-functions\\\\lib\\\\index.js\"}"}}
[debug] [2021-05-09T20:29:23.712Z] [runtime-status] [12620] Resolved module firebase-admin {"declared":true,"installed":true,"version":"9.7.0","resolution":"C:\\amazon-clone\\amazon-clone\\functions\\node_modules\\firebase-admin\\lib\\index.js"} {"metadata":{"emulator":{"name":"functions"},"message":"[runtime-status] [12620] Resolved module firebase-admin {\"declared\":true,\"installed\":true,\"version\":\"9.7.0\",\"resolution\":\"C:\\\\amazon-clone\\\\amazon-clone\\\\functions\\\\node_modules\\\\firebase-admin\\\\lib\\\\index.js\"}"}}
[debug] [2021-05-09T20:29:23.712Z] [runtime-status] [12620] Resolved module firebase-functions {"declared":true,"installed":true,"version":"3.13.2","resolution":"C:\\amazon-clone\\amazon-clone\\functions\\node_modules\\firebase-functions\\lib\\index.js"} {"metadata":{"emulator":{"name":"functions"},"message":"[runtime-status] [12620] Resolved module firebase-functions {\"declared\":true,\"installed\":true,\"version\":\"3.13.2\",\"resolution\":\"C:\\\\amazon-clone\\\\amazon-clone\\\\functions\\\\node_modules\\\\firebase-functions\\\\lib\\\\index.js\"}"}}
[debug] [2021-05-09T20:29:23.713Z] [runtime-status] [12620] firebase-admin has been stubbed. {"adminResolution":{"declared":true,"installed":true,"version":"9.7.0","resolution":"C:\\amazon-clone\\amazon-clone\\functions\\node_modules\\firebase-admin\\lib\\index.js"}} {"metadata":{"emulator":{"name":"functions"},"message":"[runtime-status] [12620] firebase-admin has been stubbed. {\"adminResolution\":{\"declared\":true,\"installed\":true,\"version\":\"9.7.0\",\"resolution\":\"C:\\\\amazon-clone\\\\amazon-clone\\\\functions\\\\node_modules\\\\firebase-admin\\\\lib\\\\index.js\"}}"}}
[info] +  functions[api]: http function initialized (http://localhost:5001/the-local-store-e40b7/us-central1/api). {"metadata":{"emulator":{"name":"functions"},"message":"\u001b[1mhttp\u001b[22m function initialized (http://localhost:5001/the-local-store-e40b7/us-central1/api)."}}
[debug] [2021-05-09T20:29:24.620Z] >>> HTTP REQUEST PUT http://localhost:9000/.settings/rules.json?ns=the-local-store-e40b7-default-rtdb  
 {
  /* Visit https://firebase.google.com/docs/database/security to learn more about security rules. */
  "rules": {
    ".read": false,
    ".write": false
  }
}
[debug] [2021-05-09T20:29:24.623Z] [worker-~diagnostic~-a3eeae33-f8b8-4a5c-bc0c-c6fd0afebbe0]: IDLE {"metadata":{"emulator":{"name":"functions"},"message":"[worker-~diagnostic~-a3eeae33-f8b8-4a5c-bc0c-c6fd0afebbe0]: IDLE"}}
[debug] [2021-05-09T20:29:25.384Z] <<< HTTP RESPONSE 200 {"content-length":"15","content-type":"application/json; charset=utf-8","access-control-allow-origin":"*","cache-control":"no-cache","x-firebase-project-id":"the-local-store-e40b7-default-rtdb","x-firebase-project-number":"123456789","x-firebase-uuid":"01c7c168-3385-4fd0-9d69-12b06e72d2a7"}
[info] 
┌─────────────────────────────────────────────────────────────┐
│ ✔  All emulators ready! It is now safe to connect your app. │
│ i  View Emulator UI at http://localhost:4000                │
└─────────────────────────────────────────────────────────────┘

┌────────────────┬────────────────┬─────────────────────────────────┐
│ Emulator       │ Host:Port      │ View in Emulator UI             │
├────────────────┼────────────────┼─────────────────────────────────┤
│ Authentication │ localhost:9099 │ http://localhost:4000/auth      │
├────────────────┼────────────────┼─────────────────────────────────┤
│ Functions      │ localhost:5001 │ http://localhost:4000/functions │
├────────────────┼────────────────┼─────────────────────────────────┤
│ Firestore      │ localhost:8080 │ http://localhost:4000/firestore │
├────────────────┼────────────────┼─────────────────────────────────┤
│ Database       │ localhost:9000 │ http://localhost:4000/database  │
├────────────────┼────────────────┼─────────────────────────────────┤
│ Hosting        │ localhost:5000 │ n/a                             │
├────────────────┼────────────────┼─────────────────────────────────┤
│ Pub/Sub        │ localhost:8055 │ n/a                             │
└────────────────┴────────────────┴─────────────────────────────────┘
  Emulator Hub running at localhost:4400
  Other reserved ports: 4500

Issues? Report them at https://github.com/firebase/firebase-tools/issues and attach the *-debug.log files.
 
[debug] [2021-05-09T20:30:13.673Z] [work-queue] {"queueLength":1,"workRunningCount":0}
[debug] [2021-05-09T20:30:13.673Z] [work-queue] {"queueLength":0,"workRunningCount":1}
[debug] [2021-05-09T20:30:13.674Z] Accepted request POST /the-local-store-e40b7/us-central1/api/payments/create?total=4949500 --> api
[debug] [2021-05-09T20:30:13.683Z] [worker-pool] addWorker(api) {"metadata":{"emulator":{"name":"functions"},"message":"[worker-pool] addWorker(api)"}}
[debug] [2021-05-09T20:30:13.684Z] [worker-pool] Adding worker with key api, total=1 {"metadata":{"emulator":{"name":"functions"},"message":"[worker-pool] Adding worker with key api, total=1"}}
[debug] [2021-05-09T20:30:13.684Z] [worker-pool] submitWork(triggerId=api) {"metadata":{"emulator":{"name":"functions"},"message":"[worker-pool] submitWork(triggerId=api)"}}
[debug] [2021-05-09T20:30:13.684Z] [worker-api-e7781538-c870-41b3-b72b-ca5b8913cad3]: Assigning socketPath: \\?\pipe\C:\amazon-clone\amazon-clone\functions\10276 {"metadata":{"emulator":{"name":"functions"},"message":"[worker-api-e7781538-c870-41b3-b72b-ca5b8913cad3]: Assigning socketPath: \\\\?\\pipe\\C:\\amazon-clone\\amazon-clone\\functions\\10276"}}
[debug] [2021-05-09T20:30:13.684Z] [worker-api-e7781538-c870-41b3-b72b-ca5b8913cad3]: BUSY {"metadata":{"emulator":{"name":"functions"},"message":"[worker-api-e7781538-c870-41b3-b72b-ca5b8913cad3]: BUSY"}}
[debug] [2021-05-09T20:30:14.180Z] [runtime-status] [10276] Functions runtime initialized. {"cwd":"C:\\amazon-clone\\amazon-clone\\functions","node_version":"14.16.0"} {"metadata":{"emulator":{"name":"functions"},"function":{"name":"api"},"message":"[runtime-status] [10276] Functions runtime initialized. {\"cwd\":\"C:\\\\amazon-clone\\\\amazon-clone\\\\functions\",\"node_version\":\"14.16.0\"}"}}
[debug] [2021-05-09T20:30:14.186Z] [runtime-status] [10276] Disabled runtime features: undefined {"metadata":{"emulator":{"name":"functions"},"function":{"name":"api"},"message":"[runtime-status] [10276] Disabled runtime features: undefined"}}
[debug] [2021-05-09T20:30:14.196Z] [runtime-status] [10276] Resolved module firebase-admin {"declared":true,"installed":true,"version":"9.7.0","resolution":"C:\\amazon-clone\\amazon-clone\\functions\\node_modules\\firebase-admin\\lib\\index.js"} {"metadata":{"emulator":{"name":"functions"},"function":{"name":"api"},"message":"[runtime-status] [10276] Resolved module firebase-admin {\"declared\":true,\"installed\":true,\"version\":\"9.7.0\",\"resolution\":\"C:\\\\amazon-clone\\\\amazon-clone\\\\functions\\\\node_modules\\\\firebase-admin\\\\lib\\\\index.js\"}"}}
[debug] [2021-05-09T20:30:14.203Z] [runtime-status] [10276] Resolved module firebase-functions {"declared":true,"installed":true,"version":"3.13.2","resolution":"C:\\amazon-clone\\amazon-clone\\functions\\node_modules\\firebase-functions\\lib\\index.js"} {"metadata":{"emulator":{"name":"functions"},"function":{"name":"api"},"message":"[runtime-status] [10276] Resolved module firebase-functions {\"declared\":true,\"installed\":true,\"version\":\"3.13.2\",\"resolution\":\"C:\\\\amazon-clone\\\\amazon-clone\\\\functions\\\\node_modules\\\\firebase-functions\\\\lib\\\\index.js\"}"}}
[debug] [2021-05-09T20:30:14.206Z] [runtime-status] [10276] Resolved module firebase-functions {"declared":true,"installed":true,"version":"3.13.2","resolution":"C:\\amazon-clone\\amazon-clone\\functions\\node_modules\\firebase-functions\\lib\\index.js"} {"metadata":{"emulator":{"name":"functions"},"function":{"name":"api"},"message":"[runtime-status] [10276] Resolved module firebase-functions {\"declared\":true,\"installed\":true,\"version\":\"3.13.2\",\"resolution\":\"C:\\\\amazon-clone\\\\amazon-clone\\\\functions\\\\node_modules\\\\firebase-functions\\\\lib\\\\index.js\"}"}}
[debug] [2021-05-09T20:30:14.207Z] [runtime-status] [10276] Set PUBSUB_EMULATOR_HOST to localhost:8055 {"metadata":{"emulator":{"name":"functions"},"function":{"name":"api"},"message":"[runtime-status] [10276] Set PUBSUB_EMULATOR_HOST to localhost:8055"}}
[debug] [2021-05-09T20:30:14.210Z] [runtime-status] [10276] Outgoing network have been stubbed. [{"name":"http","status":"mocked"},{"name":"http","status":"mocked"},{"name":"https","status":"mocked"},{"name":"https","status":"mocked"},{"name":"net","status":"mocked"}] {"metadata":{"emulator":{"name":"functions"},"function":{"name":"api"},"message":"[runtime-status] [10276] Outgoing network have been stubbed. [{\"name\":\"http\",\"status\":\"mocked\"},{\"name\":\"http\",\"status\":\"mocked\"},{\"name\":\"https\",\"status\":\"mocked\"},{\"name\":\"https\",\"status\":\"mocked\"},{\"name\":\"net\",\"status\":\"mocked\"}]"}}
[debug] [2021-05-09T20:30:14.211Z] [runtime-status] [10276] Resolved module firebase-functions {"declared":true,"installed":true,"version":"3.13.2","resolution":"C:\\amazon-clone\\amazon-clone\\functions\\node_modules\\firebase-functions\\lib\\index.js"} {"metadata":{"emulator":{"name":"functions"},"function":{"name":"api"},"message":"[runtime-status] [10276] Resolved module firebase-functions {\"declared\":true,\"installed\":true,\"version\":\"3.13.2\",\"resolution\":\"C:\\\\amazon-clone\\\\amazon-clone\\\\functions\\\\node_modules\\\\firebase-functions\\\\lib\\\\index.js\"}"}}
[debug] [2021-05-09T20:30:14.307Z] [runtime-status] [10276] Checked functions.config() {"config":{}} {"metadata":{"emulator":{"name":"functions"},"function":{"name":"api"},"message":"[runtime-status] [10276] Checked functions.config() {\"config\":{}}"}}
[debug] [2021-05-09T20:30:14.307Z] [runtime-status] [10276] firebase-functions has been stubbed. {"functionsResolution":{"declared":true,"installed":true,"version":"3.13.2","resolution":"C:\\amazon-clone\\amazon-clone\\functions\\node_modules\\firebase-functions\\lib\\index.js"}} {"metadata":{"emulator":{"name":"functions"},"function":{"name":"api"},"message":"[runtime-status] [10276] firebase-functions has been stubbed. {\"functionsResolution\":{\"declared\":true,\"installed\":true,\"version\":\"3.13.2\",\"resolution\":\"C:\\\\amazon-clone\\\\amazon-clone\\\\functions\\\\node_modules\\\\firebase-functions\\\\lib\\\\index.js\"}}"}}
[debug] [2021-05-09T20:30:14.308Z] [runtime-status] [10276] Resolved module firebase-functions {"declared":true,"installed":true,"version":"3.13.2","resolution":"C:\\amazon-clone\\amazon-clone\\functions\\node_modules\\firebase-functions\\lib\\index.js"} {"metadata":{"emulator":{"name":"functions"},"function":{"name":"api"},"message":"[runtime-status] [10276] Resolved module firebase-functions {\"declared\":true,\"installed\":true,\"version\":\"3.13.2\",\"resolution\":\"C:\\\\amazon-clone\\\\amazon-clone\\\\functions\\\\node_modules\\\\firebase-functions\\\\lib\\\\index.js\"}"}}
[debug] [2021-05-09T20:30:14.310Z] [runtime-status] [10276] Resolved module firebase-admin {"declared":true,"installed":true,"version":"9.7.0","resolution":"C:\\amazon-clone\\amazon-clone\\functions\\node_modules\\firebase-admin\\lib\\index.js"} {"metadata":{"emulator":{"name":"functions"},"function":{"name":"api"},"message":"[runtime-status] [10276] Resolved module firebase-admin {\"declared\":true,\"installed\":true,\"version\":\"9.7.0\",\"resolution\":\"C:\\\\amazon-clone\\\\amazon-clone\\\\functions\\\\node_modules\\\\firebase-admin\\\\lib\\\\index.js\"}"}}
[debug] [2021-05-09T20:30:14.311Z] [runtime-status] [10276] Resolved module firebase-functions {"declared":true,"installed":true,"version":"3.13.2","resolution":"C:\\amazon-clone\\amazon-clone\\functions\\node_modules\\firebase-functions\\lib\\index.js"} {"metadata":{"emulator":{"name":"functions"},"function":{"name":"api"},"message":"[runtime-status] [10276] Resolved module firebase-functions {\"declared\":true,\"installed\":true,\"version\":\"3.13.2\",\"resolution\":\"C:\\\\amazon-clone\\\\amazon-clone\\\\functions\\\\node_modules\\\\firebase-functions\\\\lib\\\\index.js\"}"}}
[debug] [2021-05-09T20:30:14.311Z] [runtime-status] [10276] firebase-admin has been stubbed. {"adminResolution":{"declared":true,"installed":true,"version":"9.7.0","resolution":"C:\\amazon-clone\\amazon-clone\\functions\\node_modules\\firebase-admin\\lib\\index.js"}} {"metadata":{"emulator":{"name":"functions"},"function":{"name":"api"},"message":"[runtime-status] [10276] firebase-admin has been stubbed. {\"adminResolution\":{\"declared\":true,\"installed\":true,\"version\":\"9.7.0\",\"resolution\":\"C:\\\\amazon-clone\\\\amazon-clone\\\\functions\\\\node_modules\\\\firebase-admin\\\\lib\\\\index.js\"}}"}}
[debug] [2021-05-09T20:30:14.622Z] [runtime-status] [10276] Trigger "api" has been found, beginning invocation! {"metadata":{"emulator":{"name":"functions"},"function":{"name":"api"},"message":"[runtime-status] [10276] Trigger \"api\" has been found, beginning invocation!"}}
[info] i  functions: Beginning execution of "api" {"metadata":{"emulator":{"name":"functions"},"function":{"name":"api"},"message":"Beginning execution of \"api\""}}
[debug] [2021-05-09T20:30:14.625Z] [runtime-status] [10276] triggerDefinition {"httpsTrigger":{},"name":"api","entryPoint":"api"} {"metadata":{"emulator":{"name":"functions"},"function":{"name":"api"},"message":"[runtime-status] [10276] triggerDefinition {\"httpsTrigger\":{},\"name\":\"api\",\"entryPoint\":\"api\"}"}}
[debug] [2021-05-09T20:30:14.625Z] [runtime-status] [10276] Running api in mode HTTPS {"metadata":{"emulator":{"name":"functions"},"function":{"name":"api"},"message":"[runtime-status] [10276] Running api in mode HTTPS"}}
[debug] [2021-05-09T20:30:14.628Z] [runtime-status] [10276] Attempting to listen to socketPath: \\?\pipe\C:\amazon-clone\amazon-clone\functions\10276 {"metadata":{"emulator":{"name":"functions"},"function":{"name":"api"},"message":"[runtime-status] [10276] Attempting to listen to socketPath: \\\\?\\pipe\\C:\\amazon-clone\\amazon-clone\\functions\\10276"}}
[debug] [2021-05-09T20:30:14.633Z] [functions] Runtime ready! Sending request! {"metadata":{"emulator":{"name":"functions"},"message":"[functions] Runtime ready! Sending request!"}}
[debug] [2021-05-09T20:30:14.634Z] [functions] Got req.url=/the-local-store-e40b7/us-central1/api/payments/create?total=4949500, mapping to path=/payments/create?total=4949500 {"metadata":{"emulator":{"name":"functions"},"message":"[functions] Got req.url=/the-local-store-e40b7/us-central1/api/payments/create?total=4949500, mapping to path=/payments/create?total=4949500"}}
[debug] [2021-05-09T20:30:14.643Z] [runtime-status] [10276] Ephemeral server handling POST request {"metadata":{"emulator":{"name":"functions"},"function":{"name":"api"},"message":"[runtime-status] [10276] Ephemeral server handling POST request"}}
[info] >  Payment Request Recieved BOOM!!! for this amount >>>  4949500 {"user":"Payment Request Recieved BOOM!!! for this amount >>>  4949500","metadata":{"emulator":{"name":"functions"},"function":{"name":"api"},"message":"\u001b[90m> \u001b[39m Payment Request Recieved BOOM!!! for this amount >>>  4949500"}}
[debug] [2021-05-09T20:30:14.664Z] [runtime-status] [10276] Ephemeral server survived. {"metadata":{"emulator":{"name":"functions"},"function":{"name":"api"},"message":"[runtime-status] [10276] Ephemeral server survived."}}
[info] i  functions: Finished "api" in ~1s {"metadata":{"emulator":{"name":"functions"},"function":{"name":"api"},"message":"Finished \"api\" in ~1s"}}
[debug] [2021-05-09T20:30:16.322Z] [worker-api-e7781538-c870-41b3-b72b-ca5b8913cad3]: IDLE {"metadata":{"emulator":{"name":"functions"},"message":"[worker-api-e7781538-c870-41b3-b72b-ca5b8913cad3]: IDLE"}}
[debug] [2021-05-09T20:30:16.323Z] [work-queue] {"queueLength":0,"workRunningCount":0}
[debug] [2021-05-09T20:32:15.469Z] [work-queue] {"queueLength":1,"workRunningCount":0}
[debug] [2021-05-09T20:32:15.470Z] [work-queue] {"queueLength":0,"workRunningCount":1}
[debug] [2021-05-09T20:32:15.470Z] Accepted request POST /the-local-store-e40b7/us-central1/api/payments/create?total=2089700 --> api
[debug] [2021-05-09T20:32:15.470Z] [worker-pool] submitWork(triggerId=api) {"metadata":{"emulator":{"name":"functions"},"message":"[worker-pool] submitWork(triggerId=api)"}}
[debug] [2021-05-09T20:32:15.470Z] [worker-api-e7781538-c870-41b3-b72b-ca5b8913cad3]: Assigning socketPath: \\?\pipe\C:\amazon-clone\amazon-clone\functions\10276 {"metadata":{"emulator":{"name":"functions"},"message":"[worker-api-e7781538-c870-41b3-b72b-ca5b8913cad3]: Assigning socketPath: \\\\?\\pipe\\C:\\amazon-clone\\amazon-clone\\functions\\10276"}}
[debug] [2021-05-09T20:32:15.470Z] [worker-api-e7781538-c870-41b3-b72b-ca5b8913cad3]: BUSY {"metadata":{"emulator":{"name":"functions"},"message":"[worker-api-e7781538-c870-41b3-b72b-ca5b8913cad3]: BUSY"}}
[debug] [2021-05-09T20:32:15.471Z] [runtime-status] [10276] Trigger "api" has been found, beginning invocation! {"metadata":{"emulator":{"name":"functions"},"function":{"name":"api"},"message":"[runtime-status] [10276] Trigger \"api\" has been found, beginning invocation!"}}
[info] i  functions: Beginning execution of "api" {"metadata":{"emulator":{"name":"functions"},"function":{"name":"api"},"message":"Beginning execution of \"api\""}}
[debug] [2021-05-09T20:32:15.475Z] [runtime-status] [10276] triggerDefinition {"httpsTrigger":{},"name":"api","entryPoint":"api"} {"metadata":{"emulator":{"name":"functions"},"function":{"name":"api"},"message":"[runtime-status] [10276] triggerDefinition {\"httpsTrigger\":{},\"name\":\"api\",\"entryPoint\":\"api\"}"}}
[debug] [2021-05-09T20:32:15.475Z] [runtime-status] [10276] Running api in mode HTTPS {"metadata":{"emulator":{"name":"functions"},"function":{"name":"api"},"message":"[runtime-status] [10276] Running api in mode HTTPS"}}
[debug] [2021-05-09T20:32:15.476Z] [runtime-status] [10276] Attempting to listen to socketPath: \\?\pipe\C:\amazon-clone\amazon-clone\functions\10276 {"metadata":{"emulator":{"name":"functions"},"function":{"name":"api"},"message":"[runtime-status] [10276] Attempting to listen to socketPath: \\\\?\\pipe\\C:\\amazon-clone\\amazon-clone\\functions\\10276"}}
[debug] [2021-05-09T20:32:15.480Z] [functions] Runtime ready! Sending request! {"metadata":{"emulator":{"name":"functions"},"message":"[functions] Runtime ready! Sending request!"}}
[debug] [2021-05-09T20:32:15.481Z] [functions] Got req.url=/the-local-store-e40b7/us-central1/api/payments/create?total=2089700, mapping to path=/payments/create?total=2089700 {"metadata":{"emulator":{"name":"functions"},"message":"[functions] Got req.url=/the-local-store-e40b7/us-central1/api/payments/create?total=2089700, mapping to path=/payments/create?total=2089700"}}
[debug] [2021-05-09T20:32:15.487Z] [runtime-status] [10276] Ephemeral server handling POST request {"metadata":{"emulator":{"name":"functions"},"function":{"name":"api"},"message":"[runtime-status] [10276] Ephemeral server handling POST request"}}
[info] >  Payment Request Recieved BOOM!!! for this amount >>>  2089700 {"user":"Payment Request Recieved BOOM!!! for this amount >>>  2089700","metadata":{"emulator":{"name":"functions"},"function":{"name":"api"},"message":"\u001b[90m> \u001b[39m Payment Request Recieved BOOM!!! for this amount >>>  2089700"}}
[debug] [2021-05-09T20:32:15.490Z] [runtime-status] [10276] Ephemeral server survived. {"metadata":{"emulator":{"name":"functions"},"function":{"name":"api"},"message":"[runtime-status] [10276] Ephemeral server survived."}}
[info] i  functions: Finished "api" in ~1s {"metadata":{"emulator":{"name":"functions"},"function":{"name":"api"},"message":"Finished \"api\" in ~1s"}}
[debug] [2021-05-09T20:32:16.169Z] [worker-api-e7781538-c870-41b3-b72b-ca5b8913cad3]: IDLE {"metadata":{"emulator":{"name":"functions"},"message":"[worker-api-e7781538-c870-41b3-b72b-ca5b8913cad3]: IDLE"}}
[debug] [2021-05-09T20:32:16.170Z] [work-queue] {"queueLength":0,"workRunningCount":0}
[debug] [2021-05-09T20:32:32.003Z] [work-queue] {"queueLength":1,"workRunningCount":0}
[debug] [2021-05-09T20:32:32.005Z] [work-queue] {"queueLength":0,"workRunningCount":1}
[debug] [2021-05-09T20:32:32.007Z] Accepted request POST /the-local-store-e40b7/us-central1/api/payments/create?total=0 --> api
[debug] [2021-05-09T20:32:32.009Z] [worker-pool] submitWork(triggerId=api) {"metadata":{"emulator":{"name":"functions"},"message":"[worker-pool] submitWork(triggerId=api)"}}
[debug] [2021-05-09T20:32:32.009Z] [worker-api-e7781538-c870-41b3-b72b-ca5b8913cad3]: Assigning socketPath: \\?\pipe\C:\amazon-clone\amazon-clone\functions\10276 {"metadata":{"emulator":{"name":"functions"},"message":"[worker-api-e7781538-c870-41b3-b72b-ca5b8913cad3]: Assigning socketPath: \\\\?\\pipe\\C:\\amazon-clone\\amazon-clone\\functions\\10276"}}
[debug] [2021-05-09T20:32:32.010Z] [worker-api-e7781538-c870-41b3-b72b-ca5b8913cad3]: BUSY {"metadata":{"emulator":{"name":"functions"},"message":"[worker-api-e7781538-c870-41b3-b72b-ca5b8913cad3]: BUSY"}}
[debug] [2021-05-09T20:32:32.014Z] [runtime-status] [10276] Trigger "api" has been found, beginning invocation! {"metadata":{"emulator":{"name":"functions"},"function":{"name":"api"},"message":"[runtime-status] [10276] Trigger \"api\" has been found, beginning invocation!"}}
[info] i  functions: Beginning execution of "api" {"metadata":{"emulator":{"name":"functions"},"function":{"name":"api"},"message":"Beginning execution of \"api\""}}
[debug] [2021-05-09T20:32:32.022Z] [runtime-status] [10276] triggerDefinition {"httpsTrigger":{},"name":"api","entryPoint":"api"} {"metadata":{"emulator":{"name":"functions"},"function":{"name":"api"},"message":"[runtime-status] [10276] triggerDefinition {\"httpsTrigger\":{},\"name\":\"api\",\"entryPoint\":\"api\"}"}}
[debug] [2021-05-09T20:32:32.022Z] [runtime-status] [10276] Running api in mode HTTPS {"metadata":{"emulator":{"name":"functions"},"function":{"name":"api"},"message":"[runtime-status] [10276] Running api in mode HTTPS"}}
[debug] [2021-05-09T20:32:32.023Z] [runtime-status] [10276] Attempting to listen to socketPath: \\?\pipe\C:\amazon-clone\amazon-clone\functions\10276 {"metadata":{"emulator":{"name":"functions"},"function":{"name":"api"},"message":"[runtime-status] [10276] Attempting to listen to socketPath: \\\\?\\pipe\\C:\\amazon-clone\\amazon-clone\\functions\\10276"}}
[debug] [2021-05-09T20:32:32.026Z] [functions] Runtime ready! Sending request! {"metadata":{"emulator":{"name":"functions"},"message":"[functions] Runtime ready! Sending request!"}}
[debug] [2021-05-09T20:32:32.027Z] [functions] Got req.url=/the-local-store-e40b7/us-central1/api/payments/create?total=0, mapping to path=/payments/create?total=0 {"metadata":{"emulator":{"name":"functions"},"message":"[functions] Got req.url=/the-local-store-e40b7/us-central1/api/payments/create?total=0, mapping to path=/payments/create?total=0"}}
[debug] [2021-05-09T20:32:32.032Z] [runtime-status] [10276] Ephemeral server handling POST request {"metadata":{"emulator":{"name":"functions"},"function":{"name":"api"},"message":"[runtime-status] [10276] Ephemeral server handling POST request"}}
[info] >  Payment Request Recieved BOOM!!! for this amount >>>  0 {"user":"Payment Request Recieved BOOM!!! for this amount >>>  0","metadata":{"emulator":{"name":"functions"},"function":{"name":"api"},"message":"\u001b[90m> \u001b[39m Payment Request Recieved BOOM!!! for this amount >>>  0"}}
[debug] [2021-05-09T20:32:32.035Z] [runtime-status] [10276] Ephemeral server survived. {"metadata":{"emulator":{"name":"functions"},"function":{"name":"api"},"message":"[runtime-status] [10276] Ephemeral server survived."}}
[info] >  (node:10276) UnhandledPromiseRejectionWarning: Error: This value must be greater than or equal to 1. {"user":"(node:10276) UnhandledPromiseRejectionWarning: Error: This value must be greater than or equal to 1.","metadata":{"emulator":{"name":"functions"},"function":{"name":"api"},"message":"\u001b[90m> \u001b[39m (node:10276) UnhandledPromiseRejectionWarning: Error: This value must be greater than or equal to 1."}}
[info] >      at Function.generate (C:\amazon-clone\amazon-clone\functions\node_modules\stripe\lib\Error.js:40:16) {"user":"    at Function.generate (C:\\amazon-clone\\amazon-clone\\functions\\node_modules\\stripe\\lib\\Error.js:40:16)","metadata":{"emulator":{"name":"functions"},"function":{"name":"api"},"message":"\u001b[90m> \u001b[39m     at Function.generate (C:\\amazon-clone\\amazon-clone\\functions\\node_modules\\stripe\\lib\\Error.js:40:16)"}}
[info] >      at IncomingMessage.<anonymous> (C:\amazon-clone\amazon-clone\functions\node_modules\stripe\lib\StripeResource.js:180:33) {"user":"    at IncomingMessage.<anonymous> (C:\\amazon-clone\\amazon-clone\\functions\\node_modules\\stripe\\lib\\StripeResource.js:180:33)","metadata":{"emulator":{"name":"functions"},"function":{"name":"api"},"message":"\u001b[90m> \u001b[39m     at IncomingMessage.<anonymous> (C:\\amazon-clone\\amazon-clone\\functions\\node_modules\\stripe\\lib\\StripeResource.js:180:33)"}}
[info] >      at Object.onceWrapper (events.js:421:28) {"user":"    at Object.onceWrapper (events.js:421:28)","metadata":{"emulator":{"name":"functions"},"function":{"name":"api"},"message":"\u001b[90m> \u001b[39m     at Object.onceWrapper (events.js:421:28)"}}
[info] >      at IncomingMessage.emit (events.js:327:22) {"user":"    at IncomingMessage.emit (events.js:327:22)","metadata":{"emulator":{"name":"functions"},"function":{"name":"api"},"message":"\u001b[90m> \u001b[39m     at IncomingMessage.emit (events.js:327:22)"}}
[info] >      at endReadableNT (internal/streams/readable.js:1327:12) {"user":"    at endReadableNT (internal/streams/readable.js:1327:12)","metadata":{"emulator":{"name":"functions"},"function":{"name":"api"},"message":"\u001b[90m> \u001b[39m     at endReadableNT (internal/streams/readable.js:1327:12)"}}
[info] >      at processTicksAndRejections (internal/process/task_queues.js:80:21) {"user":"    at processTicksAndRejections (internal/process/task_queues.js:80:21)","metadata":{"emulator":{"name":"functions"},"function":{"name":"api"},"message":"\u001b[90m> \u001b[39m     at processTicksAndRejections (internal/process/task_queues.js:80:21)"}}
[info] >  (Use `node --trace-warnings ...` to show where the warning was created) {"user":"(Use `node --trace-warnings ...` to show where the warning was created)","metadata":{"emulator":{"name":"functions"},"function":{"name":"api"},"message":"\u001b[90m> \u001b[39m (Use `node --trace-warnings ...` to show where the warning was created)"}}
[info] >  (node:10276) UnhandledPromiseRejectionWarning: Unhandled promise rejection. This error originated either by throwing inside of an async function without a catch block, or by rejecting a promise which was not handled with .catch(). To terminate the node process on unhandled promise rejection, use the CLI flag `--unhandled-rejections=strict` (see https://nodejs.org/api/cli.html#cli_unhandled_rejections_mode). (rejection id: 1) {"user":"(node:10276) UnhandledPromiseRejectionWarning: Unhandled promise rejection. This error originated either by throwing inside of an async function without a catch block, or by rejecting a promise which was not handled with .catch(). To terminate the node process on unhandled promise rejection, use the CLI flag `--unhandled-rejections=strict` (see https://nodejs.org/api/cli.html#cli_unhandled_rejections_mode). (rejection id: 1)","metadata":{"emulator":{"name":"functions"},"function":{"name":"api"},"message":"\u001b[90m> \u001b[39m (node:10276) UnhandledPromiseRejectionWarning: Unhandled promise rejection. This error originated either by throwing inside of an async function without a catch block, or by rejecting a promise which was not handled with .catch(). To terminate the node process on unhandled promise rejection, use the CLI flag `--unhandled-rejections=strict` (see https://nodejs.org/api/cli.html#cli_unhandled_rejections_mode). (rejection id: 1)"}}
[info] >  (node:10276) [DEP0018] DeprecationWarning: Unhandled promise rejections are deprecated. In the future, promise rejections that are not handled will terminate the Node.js process with a non-zero exit code. {"user":"(node:10276) [DEP0018] DeprecationWarning: Unhandled promise rejections are deprecated. In the future, promise rejections that are not handled will terminate the Node.js process with a non-zero exit code.","metadata":{"emulator":{"name":"functions"},"function":{"name":"api"},"message":"\u001b[90m> \u001b[39m (node:10276) [DEP0018] DeprecationWarning: Unhandled promise rejections are deprecated. In the future, promise rejections that are not handled will terminate the Node.js process with a non-zero exit code."}}
[warn] !  functions: Your function timed out after ~60s. To configure this timeout, see
      https://firebase.google.com/docs/functions/manage-functions#set_timeout_and_memory_allocation. {"metadata":{"emulator":{"name":"functions"},"function":{"name":"api"},"message":"Your function timed out after ~60s. To configure this timeout, see\n      https://firebase.google.com/docs/functions/manage-functions#set_timeout_and_memory_allocation."}}
[info] >  C:\Users\Lenovo\AppData\Roaming\npm\node_modules\firebase-tools\lib\emulator\functionsEmulatorRuntime.js:644 {"user":"C:\\Users\\Lenovo\\AppData\\Roaming\\npm\\node_modules\\firebase-tools\\lib\\emulator\\functionsEmulatorRuntime.js:644\r","metadata":{"emulator":{"name":"functions"},"function":{"name":"api"},"message":"\u001b[90m> \u001b[39m C:\\Users\\Lenovo\\AppData\\Roaming\\npm\\node_modules\\firebase-tools\\lib\\emulator\\functionsEmulatorRuntime.js:644\r"}}
[info] >              throw new Error("Function timed out."); {"user":"            throw new Error(\"Function timed out.\");\r","metadata":{"emulator":{"name":"functions"},"function":{"name":"api"},"message":"\u001b[90m> \u001b[39m             throw new Error(\"Function timed out.\");\r"}}
[info] >              ^ {"user":"            ^\r","metadata":{"emulator":{"name":"functions"},"function":{"name":"api"},"message":"\u001b[90m> \u001b[39m             ^\r"}}
[info] >   {"user":"\r","metadata":{"emulator":{"name":"functions"},"function":{"name":"api"},"message":"\u001b[90m> \u001b[39m \r"}}
[info] >  Error: Function timed out. {"user":"Error: Function timed out.\r","metadata":{"emulator":{"name":"functions"},"function":{"name":"api"},"message":"\u001b[90m> \u001b[39m Error: Function timed out.\r"}}
[info] >      at Timeout._onTimeout (C:\Users\Lenovo\AppData\Roaming\npm\node_modules\firebase-tools\lib\emulator\functionsEmulatorRuntime.js:644:19) {"user":"    at Timeout._onTimeout (C:\\Users\\Lenovo\\AppData\\Roaming\\npm\\node_modules\\firebase-tools\\lib\\emulator\\functionsEmulatorRuntime.js:644:19)\r","metadata":{"emulator":{"name":"functions"},"function":{"name":"api"},"message":"\u001b[90m> \u001b[39m     at Timeout._onTimeout (C:\\Users\\Lenovo\\AppData\\Roaming\\npm\\node_modules\\firebase-tools\\lib\\emulator\\functionsEmulatorRuntime.js:644:19)\r"}}
[info] >      at listOnTimeout (internal/timers.js:554:17) {"user":"    at listOnTimeout (internal/timers.js:554:17)\r","metadata":{"emulator":{"name":"functions"},"function":{"name":"api"},"message":"\u001b[90m> \u001b[39m     at listOnTimeout (internal/timers.js:554:17)\r"}}
[info] >      at processTimers (internal/timers.js:497:7) {"user":"    at processTimers (internal/timers.js:497:7)\r","metadata":{"emulator":{"name":"functions"},"function":{"name":"api"},"message":"\u001b[90m> \u001b[39m     at processTimers (internal/timers.js:497:7)\r"}}
[debug] [2021-05-09T20:33:32.085Z] [worker-api-e7781538-c870-41b3-b72b-ca5b8913cad3]: exited {"metadata":{"emulator":{"name":"functions"},"message":"[worker-api-e7781538-c870-41b3-b72b-ca5b8913cad3]: exited"}}
[debug] [2021-05-09T20:33:32.085Z] [worker-api-e7781538-c870-41b3-b72b-ca5b8913cad3]: FINISHED {"metadata":{"emulator":{"name":"functions"},"message":"[worker-api-e7781538-c870-41b3-b72b-ca5b8913cad3]: FINISHED"}}
[debug] [2021-05-09T20:33:32.085Z] [work-queue] {"queueLength":0,"workRunningCount":0}
[debug] [2021-05-09T20:45:51.135Z] [work-queue] {"queueLength":1,"workRunningCount":0}
[debug] [2021-05-09T20:45:51.136Z] [work-queue] {"queueLength":0,"workRunningCount":1}
[debug] [2021-05-09T20:45:51.136Z] Accepted request POST /the-local-store-e40b7/us-central1/api/payments/create?total=1979800 --> api
[debug] [2021-05-09T20:45:51.136Z] [worker-pool] Cleaned up workers for api: 1 --> 0 {"metadata":{"emulator":{"name":"functions"},"message":"[worker-pool] Cleaned up workers for api: 1 --> 0"}}
[debug] [2021-05-09T20:45:51.145Z] [worker-pool] addWorker(api) {"metadata":{"emulator":{"name":"functions"},"message":"[worker-pool] addWorker(api)"}}
[debug] [2021-05-09T20:45:51.145Z] [worker-pool] Adding worker with key api, total=1 {"metadata":{"emulator":{"name":"functions"},"message":"[worker-pool] Adding worker with key api, total=1"}}
[debug] [2021-05-09T20:45:51.146Z] [worker-pool] submitWork(triggerId=api) {"metadata":{"emulator":{"name":"functions"},"message":"[worker-pool] submitWork(triggerId=api)"}}
[debug] [2021-05-09T20:45:51.146Z] [worker-api-1e433c7a-d6c2-4af5-8da0-e42a46aa22fc]: Assigning socketPath: \\?\pipe\C:\amazon-clone\amazon-clone\functions\5700 {"metadata":{"emulator":{"name":"functions"},"message":"[worker-api-1e433c7a-d6c2-4af5-8da0-e42a46aa22fc]: Assigning socketPath: \\\\?\\pipe\\C:\\amazon-clone\\amazon-clone\\functions\\5700"}}
[debug] [2021-05-09T20:45:51.146Z] [worker-api-1e433c7a-d6c2-4af5-8da0-e42a46aa22fc]: BUSY {"metadata":{"emulator":{"name":"functions"},"message":"[worker-api-1e433c7a-d6c2-4af5-8da0-e42a46aa22fc]: BUSY"}}
[debug] [2021-05-09T20:45:51.859Z] [runtime-status] [5700] Functions runtime initialized. {"cwd":"C:\\amazon-clone\\amazon-clone\\functions","node_version":"14.16.0"} {"metadata":{"emulator":{"name":"functions"},"function":{"name":"api"},"message":"[runtime-status] [5700] Functions runtime initialized. {\"cwd\":\"C:\\\\amazon-clone\\\\amazon-clone\\\\functions\",\"node_version\":\"14.16.0\"}"}}
[debug] [2021-05-09T20:45:51.861Z] [runtime-status] [5700] Disabled runtime features: undefined {"metadata":{"emulator":{"name":"functions"},"function":{"name":"api"},"message":"[runtime-status] [5700] Disabled runtime features: undefined"}}
[debug] [2021-05-09T20:45:51.869Z] [runtime-status] [5700] Resolved module firebase-admin {"declared":true,"installed":true,"version":"9.7.0","resolution":"C:\\amazon-clone\\amazon-clone\\functions\\node_modules\\firebase-admin\\lib\\index.js"} {"metadata":{"emulator":{"name":"functions"},"function":{"name":"api"},"message":"[runtime-status] [5700] Resolved module firebase-admin {\"declared\":true,\"installed\":true,\"version\":\"9.7.0\",\"resolution\":\"C:\\\\amazon-clone\\\\amazon-clone\\\\functions\\\\node_modules\\\\firebase-admin\\\\lib\\\\index.js\"}"}}
[debug] [2021-05-09T20:45:51.873Z] [runtime-status] [5700] Resolved module firebase-functions {"declared":true,"installed":true,"version":"3.13.2","resolution":"C:\\amazon-clone\\amazon-clone\\functions\\node_modules\\firebase-functions\\lib\\index.js"} {"metadata":{"emulator":{"name":"functions"},"function":{"name":"api"},"message":"[runtime-status] [5700] Resolved module firebase-functions {\"declared\":true,\"installed\":true,\"version\":\"3.13.2\",\"resolution\":\"C:\\\\amazon-clone\\\\amazon-clone\\\\functions\\\\node_modules\\\\firebase-functions\\\\lib\\\\index.js\"}"}}
[debug] [2021-05-09T20:45:51.877Z] [runtime-status] [5700] Resolved module firebase-functions {"declared":true,"installed":true,"version":"3.13.2","resolution":"C:\\amazon-clone\\amazon-clone\\functions\\node_modules\\firebase-functions\\lib\\index.js"} {"metadata":{"emulator":{"name":"functions"},"function":{"name":"api"},"message":"[runtime-status] [5700] Resolved module firebase-functions {\"declared\":true,\"installed\":true,\"version\":\"3.13.2\",\"resolution\":\"C:\\\\amazon-clone\\\\amazon-clone\\\\functions\\\\node_modules\\\\firebase-functions\\\\lib\\\\index.js\"}"}}
[debug] [2021-05-09T20:45:51.878Z] [runtime-status] [5700] Set PUBSUB_EMULATOR_HOST to localhost:8055 {"metadata":{"emulator":{"name":"functions"},"function":{"name":"api"},"message":"[runtime-status] [5700] Set PUBSUB_EMULATOR_HOST to localhost:8055"}}
[debug] [2021-05-09T20:45:51.882Z] [runtime-status] [5700] Outgoing network have been stubbed. [{"name":"http","status":"mocked"},{"name":"http","status":"mocked"},{"name":"https","status":"mocked"},{"name":"https","status":"mocked"},{"name":"net","status":"mocked"}] {"metadata":{"emulator":{"name":"functions"},"function":{"name":"api"},"message":"[runtime-status] [5700] Outgoing network have been stubbed. [{\"name\":\"http\",\"status\":\"mocked\"},{\"name\":\"http\",\"status\":\"mocked\"},{\"name\":\"https\",\"status\":\"mocked\"},{\"name\":\"https\",\"status\":\"mocked\"},{\"name\":\"net\",\"status\":\"mocked\"}]"}}
[debug] [2021-05-09T20:45:51.884Z] [runtime-status] [5700] Resolved module firebase-functions {"declared":true,"installed":true,"version":"3.13.2","resolution":"C:\\amazon-clone\\amazon-clone\\functions\\node_modules\\firebase-functions\\lib\\index.js"} {"metadata":{"emulator":{"name":"functions"},"function":{"name":"api"},"message":"[runtime-status] [5700] Resolved module firebase-functions {\"declared\":true,\"installed\":true,\"version\":\"3.13.2\",\"resolution\":\"C:\\\\amazon-clone\\\\amazon-clone\\\\functions\\\\node_modules\\\\firebase-functions\\\\lib\\\\index.js\"}"}}
[debug] [2021-05-09T20:45:51.993Z] [runtime-status] [5700] Checked functions.config() {"config":{}} {"metadata":{"emulator":{"name":"functions"},"function":{"name":"api"},"message":"[runtime-status] [5700] Checked functions.config() {\"config\":{}}"}}
[debug] [2021-05-09T20:45:51.993Z] [runtime-status] [5700] firebase-functions has been stubbed. {"functionsResolution":{"declared":true,"installed":true,"version":"3.13.2","resolution":"C:\\amazon-clone\\amazon-clone\\functions\\node_modules\\firebase-functions\\lib\\index.js"}} {"metadata":{"emulator":{"name":"functions"},"function":{"name":"api"},"message":"[runtime-status] [5700] firebase-functions has been stubbed. {\"functionsResolution\":{\"declared\":true,\"installed\":true,\"version\":\"3.13.2\",\"resolution\":\"C:\\\\amazon-clone\\\\amazon-clone\\\\functions\\\\node_modules\\\\firebase-functions\\\\lib\\\\index.js\"}}"}}
[debug] [2021-05-09T20:45:51.994Z] [runtime-status] [5700] Resolved module firebase-functions {"declared":true,"installed":true,"version":"3.13.2","resolution":"C:\\amazon-clone\\amazon-clone\\functions\\node_modules\\firebase-functions\\lib\\index.js"} {"metadata":{"emulator":{"name":"functions"},"function":{"name":"api"},"message":"[runtime-status] [5700] Resolved module firebase-functions {\"declared\":true,\"installed\":true,\"version\":\"3.13.2\",\"resolution\":\"C:\\\\amazon-clone\\\\amazon-clone\\\\functions\\\\node_modules\\\\firebase-functions\\\\lib\\\\index.js\"}"}}
[debug] [2021-05-09T20:45:51.998Z] [runtime-status] [5700] Resolved module firebase-admin {"declared":true,"installed":true,"version":"9.7.0","resolution":"C:\\amazon-clone\\amazon-clone\\functions\\node_modules\\firebase-admin\\lib\\index.js"} {"metadata":{"emulator":{"name":"functions"},"function":{"name":"api"},"message":"[runtime-status] [5700] Resolved module firebase-admin {\"declared\":true,\"installed\":true,\"version\":\"9.7.0\",\"resolution\":\"C:\\\\amazon-clone\\\\amazon-clone\\\\functions\\\\node_modules\\\\firebase-admin\\\\lib\\\\index.js\"}"}}
[debug] [2021-05-09T20:45:52.002Z] [runtime-status] [5700] Resolved module firebase-functions {"declared":true,"installed":true,"version":"3.13.2","resolution":"C:\\amazon-clone\\amazon-clone\\functions\\node_modules\\firebase-functions\\lib\\index.js"} {"metadata":{"emulator":{"name":"functions"},"function":{"name":"api"},"message":"[runtime-status] [5700] Resolved module firebase-functions {\"declared\":true,\"installed\":true,\"version\":\"3.13.2\",\"resolution\":\"C:\\\\amazon-clone\\\\amazon-clone\\\\functions\\\\node_modules\\\\firebase-functions\\\\lib\\\\index.js\"}"}}
[debug] [2021-05-09T20:45:52.003Z] [runtime-status] [5700] firebase-admin has been stubbed. {"adminResolution":{"declared":true,"installed":true,"version":"9.7.0","resolution":"C:\\amazon-clone\\amazon-clone\\functions\\node_modules\\firebase-admin\\lib\\index.js"}} {"metadata":{"emulator":{"name":"functions"},"function":{"name":"api"},"message":"[runtime-status] [5700] firebase-admin has been stubbed. {\"adminResolution\":{\"declared\":true,\"installed\":true,\"version\":\"9.7.0\",\"resolution\":\"C:\\\\amazon-clone\\\\amazon-clone\\\\functions\\\\node_modules\\\\firebase-admin\\\\lib\\\\index.js\"}}"}}
[debug] [2021-05-09T20:45:52.397Z] [runtime-status] [5700] Trigger "api" has been found, beginning invocation! {"metadata":{"emulator":{"name":"functions"},"function":{"name":"api"},"message":"[runtime-status] [5700] Trigger \"api\" has been found, beginning invocation!"}}
[info] i  functions: Beginning execution of "api" {"metadata":{"emulator":{"name":"functions"},"function":{"name":"api"},"message":"Beginning execution of \"api\""}}
[debug] [2021-05-09T20:45:52.400Z] [runtime-status] [5700] triggerDefinition {"httpsTrigger":{},"name":"api","entryPoint":"api"} {"metadata":{"emulator":{"name":"functions"},"function":{"name":"api"},"message":"[runtime-status] [5700] triggerDefinition {\"httpsTrigger\":{},\"name\":\"api\",\"entryPoint\":\"api\"}"}}
[debug] [2021-05-09T20:45:52.401Z] [runtime-status] [5700] Running api in mode HTTPS {"metadata":{"emulator":{"name":"functions"},"function":{"name":"api"},"message":"[runtime-status] [5700] Running api in mode HTTPS"}}
[debug] [2021-05-09T20:45:52.405Z] [runtime-status] [5700] Attempting to listen to socketPath: \\?\pipe\C:\amazon-clone\amazon-clone\functions\5700 {"metadata":{"emulator":{"name":"functions"},"function":{"name":"api"},"message":"[runtime-status] [5700] Attempting to listen to socketPath: \\\\?\\pipe\\C:\\amazon-clone\\amazon-clone\\functions\\5700"}}
[debug] [2021-05-09T20:45:52.409Z] [functions] Runtime ready! Sending request! {"metadata":{"emulator":{"name":"functions"},"message":"[functions] Runtime ready! Sending request!"}}
[debug] [2021-05-09T20:45:52.410Z] [functions] Got req.url=/the-local-store-e40b7/us-central1/api/payments/create?total=1979800, mapping to path=/payments/create?total=1979800 {"metadata":{"emulator":{"name":"functions"},"message":"[functions] Got req.url=/the-local-store-e40b7/us-central1/api/payments/create?total=1979800, mapping to path=/payments/create?total=1979800"}}
[debug] [2021-05-09T20:45:52.422Z] [runtime-status] [5700] Ephemeral server handling POST request {"metadata":{"emulator":{"name":"functions"},"function":{"name":"api"},"message":"[runtime-status] [5700] Ephemeral server handling POST request"}}
[info] >  Payment Request Recieved BOOM!!! for this amount >>>  1979800 {"user":"Payment Request Recieved BOOM!!! for this amount >>>  1979800","metadata":{"emulator":{"name":"functions"},"function":{"name":"api"},"message":"\u001b[90m> \u001b[39m Payment Request Recieved BOOM!!! for this amount >>>  1979800"}}
[debug] [2021-05-09T20:45:52.445Z] [runtime-status] [5700] Ephemeral server survived. {"metadata":{"emulator":{"name":"functions"},"function":{"name":"api"},"message":"[runtime-status] [5700] Ephemeral server survived."}}
[info] i  functions: Finished "api" in ~1s {"metadata":{"emulator":{"name":"functions"},"function":{"name":"api"},"message":"Finished \"api\" in ~1s"}}
[debug] [2021-05-09T20:45:53.391Z] [worker-api-1e433c7a-d6c2-4af5-8da0-e42a46aa22fc]: IDLE {"metadata":{"emulator":{"name":"functions"},"message":"[worker-api-1e433c7a-d6c2-4af5-8da0-e42a46aa22fc]: IDLE"}}
[debug] [2021-05-09T20:45:53.392Z] [work-queue] {"queueLength":0,"workRunningCount":0}
[debug] [2021-05-09T20:46:07.799Z] [work-queue] {"queueLength":1,"workRunningCount":0}
[debug] [2021-05-09T20:46:07.800Z] [work-queue] {"queueLength":0,"workRunningCount":1}
[debug] [2021-05-09T20:46:07.800Z] Accepted request POST /the-local-store-e40b7/us-central1/api/payments/create?total=0 --> api
[debug] [2021-05-09T20:46:07.800Z] [worker-pool] submitWork(triggerId=api) {"metadata":{"emulator":{"name":"functions"},"message":"[worker-pool] submitWork(triggerId=api)"}}
[debug] [2021-05-09T20:46:07.800Z] [worker-api-1e433c7a-d6c2-4af5-8da0-e42a46aa22fc]: Assigning socketPath: \\?\pipe\C:\amazon-clone\amazon-clone\functions\5700 {"metadata":{"emulator":{"name":"functions"},"message":"[worker-api-1e433c7a-d6c2-4af5-8da0-e42a46aa22fc]: Assigning socketPath: \\\\?\\pipe\\C:\\amazon-clone\\amazon-clone\\functions\\5700"}}
[debug] [2021-05-09T20:46:07.800Z] [worker-api-1e433c7a-d6c2-4af5-8da0-e42a46aa22fc]: BUSY {"metadata":{"emulator":{"name":"functions"},"message":"[worker-api-1e433c7a-d6c2-4af5-8da0-e42a46aa22fc]: BUSY"}}
[debug] [2021-05-09T20:46:07.802Z] [runtime-status] [5700] Trigger "api" has been found, beginning invocation! {"metadata":{"emulator":{"name":"functions"},"function":{"name":"api"},"message":"[runtime-status] [5700] Trigger \"api\" has been found, beginning invocation!"}}
[info] i  functions: Beginning execution of "api" {"metadata":{"emulator":{"name":"functions"},"function":{"name":"api"},"message":"Beginning execution of \"api\""}}
[debug] [2021-05-09T20:46:07.813Z] [runtime-status] [5700] triggerDefinition {"httpsTrigger":{},"name":"api","entryPoint":"api"} {"metadata":{"emulator":{"name":"functions"},"function":{"name":"api"},"message":"[runtime-status] [5700] triggerDefinition {\"httpsTrigger\":{},\"name\":\"api\",\"entryPoint\":\"api\"}"}}
[debug] [2021-05-09T20:46:07.813Z] [runtime-status] [5700] Running api in mode HTTPS {"metadata":{"emulator":{"name":"functions"},"function":{"name":"api"},"message":"[runtime-status] [5700] Running api in mode HTTPS"}}
[debug] [2021-05-09T20:46:07.814Z] [runtime-status] [5700] Attempting to listen to socketPath: \\?\pipe\C:\amazon-clone\amazon-clone\functions\5700 {"metadata":{"emulator":{"name":"functions"},"function":{"name":"api"},"message":"[runtime-status] [5700] Attempting to listen to socketPath: \\\\?\\pipe\\C:\\amazon-clone\\amazon-clone\\functions\\5700"}}
[debug] [2021-05-09T20:46:07.816Z] [functions] Runtime ready! Sending request! {"metadata":{"emulator":{"name":"functions"},"message":"[functions] Runtime ready! Sending request!"}}
[debug] [2021-05-09T20:46:07.816Z] [functions] Got req.url=/the-local-store-e40b7/us-central1/api/payments/create?total=0, mapping to path=/payments/create?total=0 {"metadata":{"emulator":{"name":"functions"},"message":"[functions] Got req.url=/the-local-store-e40b7/us-central1/api/payments/create?total=0, mapping to path=/payments/create?total=0"}}
[debug] [2021-05-09T20:46:07.823Z] [runtime-status] [5700] Ephemeral server handling POST request {"metadata":{"emulator":{"name":"functions"},"function":{"name":"api"},"message":"[runtime-status] [5700] Ephemeral server handling POST request"}}
[info] >  Payment Request Recieved BOOM!!! for this amount >>>  0 {"user":"Payment Request Recieved BOOM!!! for this amount >>>  0","metadata":{"emulator":{"name":"functions"},"function":{"name":"api"},"message":"\u001b[90m> \u001b[39m Payment Request Recieved BOOM!!! for this amount >>>  0"}}
[debug] [2021-05-09T20:46:07.828Z] [runtime-status] [5700] Ephemeral server survived. {"metadata":{"emulator":{"name":"functions"},"function":{"name":"api"},"message":"[runtime-status] [5700] Ephemeral server survived."}}
[info] >  (node:5700) UnhandledPromiseRejectionWarning: Error: This value must be greater than or equal to 1. {"user":"(node:5700) UnhandledPromiseRejectionWarning: Error: This value must be greater than or equal to 1.","metadata":{"emulator":{"name":"functions"},"function":{"name":"api"},"message":"\u001b[90m> \u001b[39m (node:5700) UnhandledPromiseRejectionWarning: Error: This value must be greater than or equal to 1."}}
[info] >      at Function.generate (C:\amazon-clone\amazon-clone\functions\node_modules\stripe\lib\Error.js:40:16) {"user":"    at Function.generate (C:\\amazon-clone\\amazon-clone\\functions\\node_modules\\stripe\\lib\\Error.js:40:16)","metadata":{"emulator":{"name":"functions"},"function":{"name":"api"},"message":"\u001b[90m> \u001b[39m     at Function.generate (C:\\amazon-clone\\amazon-clone\\functions\\node_modules\\stripe\\lib\\Error.js:40:16)"}}
[info] >      at IncomingMessage.<anonymous> (C:\amazon-clone\amazon-clone\functions\node_modules\stripe\lib\StripeResource.js:180:33) {"user":"    at IncomingMessage.<anonymous> (C:\\amazon-clone\\amazon-clone\\functions\\node_modules\\stripe\\lib\\StripeResource.js:180:33)","metadata":{"emulator":{"name":"functions"},"function":{"name":"api"},"message":"\u001b[90m> \u001b[39m     at IncomingMessage.<anonymous> (C:\\amazon-clone\\amazon-clone\\functions\\node_modules\\stripe\\lib\\StripeResource.js:180:33)"}}
[info] >      at Object.onceWrapper (events.js:421:28) {"user":"    at Object.onceWrapper (events.js:421:28)","metadata":{"emulator":{"name":"functions"},"function":{"name":"api"},"message":"\u001b[90m> \u001b[39m     at Object.onceWrapper (events.js:421:28)"}}
[info] >      at IncomingMessage.emit (events.js:327:22) {"user":"    at IncomingMessage.emit (events.js:327:22)","metadata":{"emulator":{"name":"functions"},"function":{"name":"api"},"message":"\u001b[90m> \u001b[39m     at IncomingMessage.emit (events.js:327:22)"}}
[info] >      at endReadableNT (internal/streams/readable.js:1327:12) {"user":"    at endReadableNT (internal/streams/readable.js:1327:12)","metadata":{"emulator":{"name":"functions"},"function":{"name":"api"},"message":"\u001b[90m> \u001b[39m     at endReadableNT (internal/streams/readable.js:1327:12)"}}
[info] >      at processTicksAndRejections (internal/process/task_queues.js:80:21) {"user":"    at processTicksAndRejections (internal/process/task_queues.js:80:21)","metadata":{"emulator":{"name":"functions"},"function":{"name":"api"},"message":"\u001b[90m> \u001b[39m     at processTicksAndRejections (internal/process/task_queues.js:80:21)"}}
[info] >  (Use `node --trace-warnings ...` to show where the warning was created) {"user":"(Use `node --trace-warnings ...` to show where the warning was created)","metadata":{"emulator":{"name":"functions"},"function":{"name":"api"},"message":"\u001b[90m> \u001b[39m (Use `node --trace-warnings ...` to show where the warning was created)"}}
[info] >  (node:5700) UnhandledPromiseRejectionWarning: Unhandled promise rejection. This error originated either by throwing inside of an async function without a catch block, or by rejecting a promise which was not handled with .catch(). To terminate the node process on unhandled promise rejection, use the CLI flag `--unhandled-rejections=strict` (see https://nodejs.org/api/cli.html#cli_unhandled_rejections_mode). (rejection id: 1) {"user":"(node:5700) UnhandledPromiseRejectionWarning: Unhandled promise rejection. This error originated either by throwing inside of an async function without a catch block, or by rejecting a promise which was not handled with .catch(). To terminate the node process on unhandled promise rejection, use the CLI flag `--unhandled-rejections=strict` (see https://nodejs.org/api/cli.html#cli_unhandled_rejections_mode). (rejection id: 1)","metadata":{"emulator":{"name":"functions"},"function":{"name":"api"},"message":"\u001b[90m> \u001b[39m (node:5700) UnhandledPromiseRejectionWarning: Unhandled promise rejection. This error originated either by throwing inside of an async function without a catch block, or by rejecting a promise which was not handled with .catch(). To terminate the node process on unhandled promise rejection, use the CLI flag `--unhandled-rejections=strict` (see https://nodejs.org/api/cli.html#cli_unhandled_rejections_mode). (rejection id: 1)"}}
[info] >  (node:5700) [DEP0018] DeprecationWarning: Unhandled promise rejections are deprecated. In the future, promise rejections that are not handled will terminate the Node.js process with a non-zero exit code. {"user":"(node:5700) [DEP0018] DeprecationWarning: Unhandled promise rejections are deprecated. In the future, promise rejections that are not handled will terminate the Node.js process with a non-zero exit code.","metadata":{"emulator":{"name":"functions"},"function":{"name":"api"},"message":"\u001b[90m> \u001b[39m (node:5700) [DEP0018] DeprecationWarning: Unhandled promise rejections are deprecated. In the future, promise rejections that are not handled will terminate the Node.js process with a non-zero exit code."}}
[warn] !  functions: Your function timed out after ~60s. To configure this timeout, see
      https://firebase.google.com/docs/functions/manage-functions#set_timeout_and_memory_allocation. {"metadata":{"emulator":{"name":"functions"},"function":{"name":"api"},"message":"Your function timed out after ~60s. To configure this timeout, see\n      https://firebase.google.com/docs/functions/manage-functions#set_timeout_and_memory_allocation."}}
[info] >  C:\Users\Lenovo\AppData\Roaming\npm\node_modules\firebase-tools\lib\emulator\functionsEmulatorRuntime.js:644 {"user":"C:\\Users\\Lenovo\\AppData\\Roaming\\npm\\node_modules\\firebase-tools\\lib\\emulator\\functionsEmulatorRuntime.js:644\r","metadata":{"emulator":{"name":"functions"},"function":{"name":"api"},"message":"\u001b[90m> \u001b[39m C:\\Users\\Lenovo\\AppData\\Roaming\\npm\\node_modules\\firebase-tools\\lib\\emulator\\functionsEmulatorRuntime.js:644\r"}}
[info] >              throw new Error("Function timed out."); {"user":"            throw new Error(\"Function timed out.\");\r","metadata":{"emulator":{"name":"functions"},"function":{"name":"api"},"message":"\u001b[90m> \u001b[39m             throw new Error(\"Function timed out.\");\r"}}
[info] >              ^ {"user":"            ^\r","metadata":{"emulator":{"name":"functions"},"function":{"name":"api"},"message":"\u001b[90m> \u001b[39m             ^\r"}}
[info] >   {"user":"\r","metadata":{"emulator":{"name":"functions"},"function":{"name":"api"},"message":"\u001b[90m> \u001b[39m \r"}}
[info] >  Error: Function timed out. {"user":"Error: Function timed out.\r","metadata":{"emulator":{"name":"functions"},"function":{"name":"api"},"message":"\u001b[90m> \u001b[39m Error: Function timed out.\r"}}
[info] >      at Timeout._onTimeout (C:\Users\Lenovo\AppData\Roaming\npm\node_modules\firebase-tools\lib\emulator\functionsEmulatorRuntime.js:644:19) {"user":"    at Timeout._onTimeout (C:\\Users\\Lenovo\\AppData\\Roaming\\npm\\node_modules\\firebase-tools\\lib\\emulator\\functionsEmulatorRuntime.js:644:19)\r","metadata":{"emulator":{"name":"functions"},"function":{"name":"api"},"message":"\u001b[90m> \u001b[39m     at Timeout._onTimeout (C:\\Users\\Lenovo\\AppData\\Roaming\\npm\\node_modules\\firebase-tools\\lib\\emulator\\functionsEmulatorRuntime.js:644:19)\r"}}
[info] >      at listOnTimeout (internal/timers.js:554:17) {"user":"    at listOnTimeout (internal/timers.js:554:17)\r","metadata":{"emulator":{"name":"functions"},"function":{"name":"api"},"message":"\u001b[90m> \u001b[39m     at listOnTimeout (internal/timers.js:554:17)\r"}}
[info] >      at processTimers (internal/timers.js:497:7) {"user":"    at processTimers (internal/timers.js:497:7)\r","metadata":{"emulator":{"name":"functions"},"function":{"name":"api"},"message":"\u001b[90m> \u001b[39m     at processTimers (internal/timers.js:497:7)\r"}}
[debug] [2021-05-09T20:47:07.843Z] [worker-api-1e433c7a-d6c2-4af5-8da0-e42a46aa22fc]: exited {"metadata":{"emulator":{"name":"functions"},"message":"[worker-api-1e433c7a-d6c2-4af5-8da0-e42a46aa22fc]: exited"}}
[debug] [2021-05-09T20:47:07.844Z] [worker-api-1e433c7a-d6c2-4af5-8da0-e42a46aa22fc]: FINISHED {"metadata":{"emulator":{"name":"functions"},"message":"[worker-api-1e433c7a-d6c2-4af5-8da0-e42a46aa22fc]: FINISHED"}}
[debug] [2021-05-09T20:47:07.844Z] [work-queue] {"queueLength":0,"workRunningCount":0}
[debug] [2021-05-09T20:49:46.955Z] Received signal SIGHUP 1
